<?xml version="1.0" encoding="UTF-8"?>
<testsuite name="MatrixBuilder Tests" tests="4" skipped="0" failures="0" errors="0" timestamp="2025-12-15T21:09:01.603Z" hostname="DESKTOP-AMGQNF9" time="0.078">
  <properties/>
  <testcase name="Main method execution" classname="com.metro.utils.MatrixBuilderTest" time="0.035"/>
  <testcase name="Matrix file creation" classname="com.metro.utils.MatrixBuilderTest" time="0.014"/>
  <testcase name="Handle invalid file path" classname="com.metro.utils.MatrixBuilderTest" time="0.01"/>
  <testcase name="Basic matrix structure" classname="com.metro.utils.MatrixBuilderTest" time="0.013"/>
  <system-out><![CDATA[Matrix successfully generated and saved to metro.txt
]]></system-out>
  <system-err><![CDATA[]]></system-err>
</testsuite>
